<?xml version="1.0" encoding="UTF-8"?>
<testsuite xmlns:xsi="http://www.w3.org/2001/XMLSchema-instance" xsi:noNamespaceSchemaLocation="https://maven.apache.org/surefire/maven-surefire-plugin/xsd/surefire-test-report.xsd" name="SensoritJaLampotilaTest" time="0.092" tests="21" errors="0" skipped="0" failures="0">
  <properties>
    <property name="sun.desktop" value="windows"/>
    <property name="awt.toolkit" value="sun.awt.windows.WToolkit"/>
    <property name="file.encoding.pkg" value="sun.io"/>
    <property name="java.specification.version" value="1.8"/>
    <property name="sun.cpu.isalist" value="amd64"/>
    <property name="sun.jnu.encoding" value="Cp1252"/>
    <property name="java.class.path" value="C:\Users\Jouni\Documents\NetBeansProjects\mooc-2019-ohjelmointi-nodl\osa10-Osa10_12.SensoritJaLampotila\target\test-classes;C:\Users\Jouni\Documents\NetBeansProjects\mooc-2019-ohjelmointi-nodl\osa10-Osa10_12.SensoritJaLampotila\target\classes;C:\Users\Jouni\.m2\repository\junit\junit\4.12\junit-4.12.jar;C:\Users\Jouni\.m2\repository\org\hamcrest\hamcrest-core\1.3\hamcrest-core-1.3.jar;C:\Users\Jouni\.m2\repository\fi\helsinki\cs\tmc\edu-test-utils\0.4.2\edu-test-utils-0.4.2.jar;"/>
    <property name="java.vm.vendor" value="Oracle Corporation"/>
    <property name="sun.arch.data.model" value="64"/>
    <property name="user.variant" value=""/>
    <property name="java.vendor.url" value="http://java.oracle.com/"/>
    <property name="user.timezone" value="Europe/Helsinki"/>
    <property name="java.vm.specification.version" value="1.8"/>
    <property name="os.name" value="Windows 10"/>
    <property name="sun.java.launcher" value="SUN_STANDARD"/>
    <property name="user.country" value="FI"/>
    <property name="sun.boot.library.path" value="C:\Program Files\Java\java-1.8.0-openjdk-1.8.0.201-2.b09.redhat.windows.x86_64\jre\bin"/>
    <property name="sun.java.command" value="C:\Users\Jouni\AppData\Local\Temp\surefire2992834787861211426\surefirebooter7168173522696786329.jar C:\Users\Jouni\AppData\Local\Temp\surefire2992834787861211426 2019-06-12T22-21-36_531-jvmRun1 surefire8214550516330219558tmp surefire_02078060478217205948tmp"/>
    <property name="surefire.test.class.path" value="C:\Users\Jouni\Documents\NetBeansProjects\mooc-2019-ohjelmointi-nodl\osa10-Osa10_12.SensoritJaLampotila\target\test-classes;C:\Users\Jouni\Documents\NetBeansProjects\mooc-2019-ohjelmointi-nodl\osa10-Osa10_12.SensoritJaLampotila\target\classes;C:\Users\Jouni\.m2\repository\junit\junit\4.12\junit-4.12.jar;C:\Users\Jouni\.m2\repository\org\hamcrest\hamcrest-core\1.3\hamcrest-core-1.3.jar;C:\Users\Jouni\.m2\repository\fi\helsinki\cs\tmc\edu-test-utils\0.4.2\edu-test-utils-0.4.2.jar;"/>
    <property name="sun.cpu.endian" value="little"/>
    <property name="user.home" value="C:\Users\Jouni"/>
    <property name="user.language" value="fi"/>
    <property name="java.specification.vendor" value="Oracle Corporation"/>
    <property name="java.home" value="C:\Program Files\Java\java-1.8.0-openjdk-1.8.0.201-2.b09.redhat.windows.x86_64\jre"/>
    <property name="basedir" value="C:\Users\Jouni\Documents\NetBeansProjects\mooc-2019-ohjelmointi-nodl\osa10-Osa10_12.SensoritJaLampotila"/>
    <property name="file.separator" value="\"/>
    <property name="line.separator" value="&#10;"/>
    <property name="java.vm.specification.vendor" value="Oracle Corporation"/>
    <property name="java.specification.name" value="Java Platform API Specification"/>
    <property name="java.awt.graphicsenv" value="sun.awt.Win32GraphicsEnvironment"/>
    <property name="surefire.real.class.path" value="C:\Users\Jouni\AppData\Local\Temp\surefire2992834787861211426\surefirebooter7168173522696786329.jar"/>
    <property name="jdk.net.URLClassPath.disableClassPathURLCheck" value="true"/>
    <property name="sun.boot.class.path" value="C:\Program Files\Java\java-1.8.0-openjdk-1.8.0.201-2.b09.redhat.windows.x86_64\jre\lib\resources.jar;C:\Program Files\Java\java-1.8.0-openjdk-1.8.0.201-2.b09.redhat.windows.x86_64\jre\lib\rt.jar;C:\Program Files\Java\java-1.8.0-openjdk-1.8.0.201-2.b09.redhat.windows.x86_64\jre\lib\sunrsasign.jar;C:\Program Files\Java\java-1.8.0-openjdk-1.8.0.201-2.b09.redhat.windows.x86_64\jre\lib\jsse.jar;C:\Program Files\Java\java-1.8.0-openjdk-1.8.0.201-2.b09.redhat.windows.x86_64\jre\lib\jce.jar;C:\Program Files\Java\java-1.8.0-openjdk-1.8.0.201-2.b09.redhat.windows.x86_64\jre\lib\charsets.jar;C:\Program Files\Java\java-1.8.0-openjdk-1.8.0.201-2.b09.redhat.windows.x86_64\jre\lib\jfr.jar;C:\Program Files\Java\java-1.8.0-openjdk-1.8.0.201-2.b09.redhat.windows.x86_64\jre\classes"/>
    <property name="user.script" value=""/>
    <property name="sun.management.compiler" value="HotSpot 64-Bit Tiered Compilers"/>
    <property name="java.runtime.version" value="1.8.0_201-2-redhat-b09"/>
    <property name="user.name" value="Jouni"/>
    <property name="path.separator" value=";"/>
    <property name="os.version" value="10.0"/>
    <property name="java.endorsed.dirs" value="C:\Program Files\Java\java-1.8.0-openjdk-1.8.0.201-2.b09.redhat.windows.x86_64\jre\lib\endorsed"/>
    <property name="java.runtime.name" value="OpenJDK Runtime Environment"/>
    <property name="file.encoding" value="UTF-8"/>
    <property name="java.vm.name" value="OpenJDK 64-Bit Server VM"/>
    <property name="maven.ext.class.path" value="C:\Program Files\NetBeans 8.2\java\maven-nblib\netbeans-eventspy.jar"/>
    <property name="localRepository" value="C:\Users\Jouni\.m2\repository"/>
    <property name="java.vendor.url.bug" value="http://bugreport.sun.com/bugreport/"/>
    <property name="java.io.tmpdir" value="C:\Users\Jouni\AppData\Local\Temp\"/>
    <property name="java.version" value="1.8.0_201-2-redhat"/>
    <property name="user.dir" value="C:\Users\Jouni\Documents\NetBeansProjects\mooc-2019-ohjelmointi-nodl\osa10-Osa10_12.SensoritJaLampotila"/>
    <property name="os.arch" value="amd64"/>
    <property name="java.vm.specification.name" value="Java Virtual Machine Specification"/>
    <property name="java.awt.printerjob" value="sun.awt.windows.WPrinterJob"/>
    <property name="sun.os.patch.level" value=""/>
    <property name="java.library.path" value="C:\Program Files\Java\java-1.8.0-openjdk-1.8.0.201-2.b09.redhat.windows.x86_64\jre\bin;C:\Windows\Sun\Java\bin;C:\Windows\system32;C:\Windows;C:\Program Files (x86)\Intel\Intel(R) Management Engine Components\iCLS\;C:\Program Files\Intel\Intel(R) Management Engine Components\iCLS\;C:\Windows\system32;C:\Windows;C:\Windows\System32\Wbem;C:\Windows\System32\WindowsPowerShell\v1.0\;C:\Windows\System32\OpenSSH\;C:\Program Files (x86)\Intel\Intel(R) Management Engine Components\DAL;C:\Program Files\Intel\Intel(R) Management Engine Components\DAL;C:\Program Files (x86)\Intel\Intel(R) Management Engine Components\IPT;C:\Program Files\Intel\Intel(R) Management Engine Components\IPT;C:\Program Files (x86)\NVIDIA Corporation\PhysX\Common;C:\Program Files\Intel\WiFi\bin\;C:\Program Files\Common Files\Intel\WirelessCommon\;C:\Program Files\dotnet\;C:\Program Files\Microsoft SQL Server\130\Tools\Binn\;C:\Program Files\Microsoft SQL Server\Client SDK\ODBC\170\Tools\Binn\;C:\Program Files\Java\java-1.8.0-openjdk-1.8.0.201-2.b09.redhat.windows.x86_64\bin;C:\Program Files\Git\cmd;C:\Program Files\CMake\bin;C:\Users\Jouni\AppData\Local\Microsoft\WindowsApps;;C:\Users\Jouni\AppData\Local\Programs\Microsoft VS Code\bin;."/>
    <property name="java.vm.info" value="mixed mode"/>
    <property name="java.vendor" value="Oracle Corporation"/>
    <property name="java.vm.version" value="25.201-b09"/>
    <property name="java.ext.dirs" value="C:\Program Files\Java\java-1.8.0-openjdk-1.8.0.201-2.b09.redhat.windows.x86_64\jre\lib\ext;C:\Windows\Sun\Java\lib\ext"/>
    <property name="sun.io.unicode.encoding" value="UnicodeLittle"/>
    <property name="java.class.version" value="52.0"/>
  </properties>
  <testcase name="testaaLampomittarinKonstruktori" classname="SensoritJaLampotilaTest" time="0.014"/>
  <testcase name="luokkaKeskiarvosensori" classname="SensoritJaLampotilaTest" time="0"/>
  <testcase name="VakiosensoriOnSensori" classname="SensoritJaLampotilaTest" time="0"/>
  <testcase name="testaaKeskiarvosensorinKonstruktori" classname="SensoritJaLampotilaTest" time="0"/>
  <testcase name="eiYlimaaraisiaMuuttujiaKeskiarvosensorilla" classname="SensoritJaLampotilaTest" time="0"/>
  <testcase name="testaaLampomittari" classname="SensoritJaLampotilaTest" time="0.018"/>
  <testcase name="keskiarvosensoriPaalleJaPois2" classname="SensoritJaLampotilaTest" time="0.004"/>
  <testcase name="luokkaLampomittari" classname="SensoritJaLampotilaTest" time="0"/>
  <testcase name="eiYlimaaraisiaMuuttujiaLampomittarilla" classname="SensoritJaLampotilaTest" time="0"/>
  <testcase name="KeskiarvosensoriOnSensori" classname="SensoritJaLampotilaTest" time="0"/>
  <testcase name="LampomittariOnSensori" classname="SensoritJaLampotilaTest" time="0"/>
  <testcase name="testaaVakiosensorinKonstruktori" classname="SensoritJaLampotilaTest" time="0"/>
  <testcase name="onMetodisensorienLisaamiseenKeskiarvosensorille" classname="SensoritJaLampotilaTest" time="0"/>
  <testcase name="eiYlimaaraisiaMuuttujiaVakiosensorilla" classname="SensoritJaLampotilaTest" time="0"/>
  <testcase name="poikkeusJosKeskiarvomittarillaMitataanJaEiPaalla" classname="SensoritJaLampotilaTest" time="0.004"/>
  <testcase name="keskiarvosensorilaMetodiMittaukset" classname="SensoritJaLampotilaTest" time="0"/>
  <testcase name="keskiarvosensorilaMetodiMittauksetToimii" classname="SensoritJaLampotilaTest" time="0"/>
  <testcase name="testaaVakiosensori" classname="SensoritJaLampotilaTest" time="0"/>
  <testcase name="luokkaVakiosensori" classname="SensoritJaLampotilaTest" time="0"/>
  <testcase name="keskiarvonMittausToimii" classname="SensoritJaLampotilaTest" time="0"/>
  <testcase name="keskiarvosensoriPaalleJaPois" classname="SensoritJaLampotilaTest" time="0"/>
</testsuite>